[debug] [2020-12-14T07:50:12.542Z] ----------------------------------------------------------------------
[debug] [2020-12-14T07:50:12.544Z] Command:       C:\Program Files\nodejs\node.exe C:\Users\Huy Nguyen\AppData\Roaming\npm\node_modules\firebase-tools\lib\bin\firebase.js init
[debug] [2020-12-14T07:50:12.544Z] CLI Version:   8.19.0
[debug] [2020-12-14T07:50:12.544Z] Platform:      win32
[debug] [2020-12-14T07:50:12.544Z] Node Version:  v14.15.1
[debug] [2020-12-14T07:50:12.545Z] Time:          Mon Dec 14 2020 14:50:12 GMT+0700 (Indochina Time)
[debug] [2020-12-14T07:50:12.545Z] ----------------------------------------------------------------------
[debug] [2020-12-14T07:50:12.545Z] 
[debug] [2020-12-14T07:50:12.550Z] > command requires scopes: ["email","openid","https://www.googleapis.com/auth/cloudplatformprojects.readonly","https://www.googleapis.com/auth/firebase","https://www.googleapis.com/auth/cloud-platform"]
[debug] [2020-12-14T07:50:12.551Z] > authorizing via signed-in user
[info] 
     ######## #### ########  ######## ########     ###     ######  ########
     ##        ##  ##     ## ##       ##     ##  ##   ##  ##       ##
     ######    ##  ########  ######   ########  #########  ######  ######
     ##        ##  ##    ##  ##       ##     ## ##     ##       ## ##
     ##       #### ##     ## ######## ########  ##     ##  ######  ########

You're about to initialize a Firebase project in this directory:

  C:\Users\Huy Nguyen\Documents\NetBeansProjects\Discipline_Management

[info] 
=== Project Setup
[info] 
[info] First, let's associate this project directory with a Firebase project.
[info] You can create multiple project aliases by running firebase use --add, 
[info] but for now we'll just set up a default project.
[info] 
[debug] [2020-12-14T07:50:46.164Z] > refreshing access token with scopes: ["email","https://www.googleapis.com/auth/cloud-platform","https://www.googleapis.com/auth/cloudplatformprojects.readonly","https://www.googleapis.com/auth/firebase","openid"]
[debug] [2020-12-14T07:50:46.165Z] >>> HTTP REQUEST POST https://www.googleapis.com/oauth2/v3/token  
 <request body omitted>
[debug] [2020-12-14T07:50:46.541Z] <<< HTTP RESPONSE 200 {"expires":"Mon, 01 Jan 1990 00:00:00 GMT","pragma":"no-cache","date":"Mon, 14 Dec 2020 07:50:48 GMT","cache-control":"no-cache, no-store, max-age=0, must-revalidate","content-type":"application/json; charset=utf-8","vary":"X-Origin, Referer, Origin,Accept-Encoding","server":"scaffolding on HTTPServer2","x-xss-protection":"0","x-frame-options":"SAMEORIGIN","x-content-type-options":"nosniff","alt-svc":"h3-29=\":443\"; ma=2592000,h3-T051=\":443\"; ma=2592000,h3-Q050=\":443\"; ma=2592000,h3-Q046=\":443\"; ma=2592000,h3-Q043=\":443\"; ma=2592000,quic=\":443\"; ma=2592000; v=\"46,43\"","accept-ranges":"none","transfer-encoding":"chunked"}
[debug] [2020-12-14T07:50:46.563Z] >>> HTTP REQUEST GET https://firebase.googleapis.com/v1beta1/projects?pageSize=100  
 
[debug] [2020-12-14T07:50:47.172Z] <<< HTTP RESPONSE 200 {"content-type":"application/json; charset=UTF-8","vary":"X-Origin, Referer, Origin,Accept-Encoding","date":"Mon, 14 Dec 2020 07:50:48 GMT","server":"ESF","cache-control":"private","x-xss-protection":"0","x-frame-options":"SAMEORIGIN","x-content-type-options":"nosniff","alt-svc":"h3-29=\":443\"; ma=2592000,h3-T051=\":443\"; ma=2592000,h3-Q050=\":443\"; ma=2592000,h3-Q046=\":443\"; ma=2592000,h3-Q043=\":443\"; ma=2592000,quic=\":443\"; ma=2592000; v=\"46,43\"","accept-ranges":"none","transfer-encoding":"chunked"}
[info] i  Using project disciplinemanagement-78b8c (DisciplineManagement) 
[info] 
=== Storage Setup
[info] 
[info] Firebase Storage Security Rules allow you to define how and when to allow
[info] uploads and downloads. You can keep these rules in your project directory
[info] and publish them with firebase deploy.
[info] 
[debug] [2020-12-14T07:51:52.534Z] Error: EISDIR: illegal operation on a directory, open 'C:\Users\Huy Nguyen\Documents\NetBeansProjects\Discipline_Management'
    at Object.openSync (fs.js:476:3)
    at Object.writeFileSync (fs.js:1467:35)
    at Config.writeProjectFile (C:\Users\Huy Nguyen\AppData\Roaming\npm\node_modules\firebase-tools\lib\config.js:156:8)
    at Object.<anonymous> (C:\Users\Huy Nguyen\AppData\Roaming\npm\node_modules\firebase-tools\lib\init\features\storage.js:35:16)
    at Generator.next (<anonymous>)
    at fulfilled (C:\Users\Huy Nguyen\AppData\Roaming\npm\node_modules\firebase-tools\lib\init\features\storage.js:5:58)
    at processTicksAndRejections (internal/process/task_queues.js:93:5)
[error] 
[error] Error: An unexpected error has occurred.
